{
  "stats": {
    "suites": 1,
    "tests": 4,
    "passes": 4,
    "pending": 0,
    "failures": 0,
    "start": "2025-10-14T13:10:23.837Z",
    "end": "2025-10-14T13:10:35.011Z",
    "duration": 11174,
    "testsRegistered": 4,
    "passPercent": 100,
    "pendingPercent": 0,
    "other": 0,
    "hasOther": false,
    "skipped": 0,
    "hasSkipped": false,
    "passPercentClass": "success",
    "pendingPercentClass": "danger"
  },
  "suites": {
    "title": "",
    "suites": [
      {
        "title": "Check garage options",
        "suites": [],
        "tests": [
          {
            "title": "Add car",
            "fullTitle": "Check garage options Add car",
            "duration": 3336,
            "state": "passed",
            "speed": "fast",
            "pass": true,
            "fail": false,
            "pending": false,
            "code": "_Garage.default.addCar('Ford', 'Fusion', 55);\n_Garage.default.carListUl.contains('p', 'Ford Fusion');\n_Garage.default.alertDiv.eq(1).should('have.text', 'Car added');",
            "err": {},
            "isRoot": false,
            "uuid": "c910f411-7848-4e90-a70b-8d30aaf4cb2b",
            "parentUUID": "9d153d32-694b-4411-bea9-7b6a9bad8edf",
            "isHook": false,
            "skipped": false
          },
          {
            "title": "Update mileage car",
            "fullTitle": "Check garage options Update mileage car",
            "duration": 2472,
            "state": "passed",
            "speed": "fast",
            "pass": true,
            "fail": false,
            "pending": false,
            "code": "_Garage.default.updateMileage(56);\n_Garage.default.mileageUpdateInput.first().should('have.value', 56);",
            "err": {},
            "isRoot": false,
            "uuid": "ba9d83b9-334d-4bff-bd22-a212a79367b1",
            "parentUUID": "9d153d32-694b-4411-bea9-7b6a9bad8edf",
            "isHook": false,
            "skipped": false
          },
          {
            "title": "Update car data",
            "fullTitle": "Check garage options Update car data",
            "duration": 3005,
            "state": "passed",
            "speed": "fast",
            "pass": true,
            "fail": false,
            "pending": false,
            "code": "_Garage.default.updateCar('Audi', 'TT', 59, '11.10.2025');\n_Garage.default.carListUl.contains('p', 'Audi TT');\n_Garage.default.mileageUpdateInput.first().should('have.value', 59);\n_Garage.default.alertDiv.eq(1).should('have.text', 'Car updated');",
            "err": {},
            "isRoot": false,
            "uuid": "08744737-bd11-467f-a116-4247dda52241",
            "parentUUID": "9d153d32-694b-4411-bea9-7b6a9bad8edf",
            "isHook": false,
            "skipped": false
          },
          {
            "title": "Remove car",
            "fullTitle": "Check garage options Remove car",
            "duration": 2277,
            "state": "passed",
            "speed": "fast",
            "pass": true,
            "fail": false,
            "pending": false,
            "code": "_Garage.default.removeCar();\n_Garage.default.emptyCarListDiv;\n_Garage.default.alertDiv.eq(1).should('have.text', 'Car removed');",
            "err": {},
            "isRoot": false,
            "uuid": "d26fc359-a2c7-42da-abdf-8c6720327d73",
            "parentUUID": "9d153d32-694b-4411-bea9-7b6a9bad8edf",
            "isHook": false,
            "skipped": false
          }
        ],
        "root": false,
        "pending": [],
        "_timeout": 2000,
        "file": "",
        "uuid": "9d153d32-694b-4411-bea9-7b6a9bad8edf",
        "beforeHooks": [],
        "afterHooks": [],
        "fullFile": "",
        "passes": [
          {
            "title": "Add car",
            "fullTitle": "Check garage options Add car",
            "duration": 3336,
            "state": "passed",
            "speed": "fast",
            "pass": true,
            "fail": false,
            "pending": false,
            "code": "_Garage.default.addCar('Ford', 'Fusion', 55);\n_Garage.default.carListUl.contains('p', 'Ford Fusion');\n_Garage.default.alertDiv.eq(1).should('have.text', 'Car added');",
            "err": {},
            "isRoot": false,
            "uuid": "c910f411-7848-4e90-a70b-8d30aaf4cb2b",
            "parentUUID": "9d153d32-694b-4411-bea9-7b6a9bad8edf",
            "isHook": false,
            "skipped": false
          },
          {
            "title": "Update mileage car",
            "fullTitle": "Check garage options Update mileage car",
            "duration": 2472,
            "state": "passed",
            "speed": "fast",
            "pass": true,
            "fail": false,
            "pending": false,
            "code": "_Garage.default.updateMileage(56);\n_Garage.default.mileageUpdateInput.first().should('have.value', 56);",
            "err": {},
            "isRoot": false,
            "uuid": "ba9d83b9-334d-4bff-bd22-a212a79367b1",
            "parentUUID": "9d153d32-694b-4411-bea9-7b6a9bad8edf",
            "isHook": false,
            "skipped": false
          },
          {
            "title": "Update car data",
            "fullTitle": "Check garage options Update car data",
            "duration": 3005,
            "state": "passed",
            "speed": "fast",
            "pass": true,
            "fail": false,
            "pending": false,
            "code": "_Garage.default.updateCar('Audi', 'TT', 59, '11.10.2025');\n_Garage.default.carListUl.contains('p', 'Audi TT');\n_Garage.default.mileageUpdateInput.first().should('have.value', 59);\n_Garage.default.alertDiv.eq(1).should('have.text', 'Car updated');",
            "err": {},
            "isRoot": false,
            "uuid": "08744737-bd11-467f-a116-4247dda52241",
            "parentUUID": "9d153d32-694b-4411-bea9-7b6a9bad8edf",
            "isHook": false,
            "skipped": false
          },
          {
            "title": "Remove car",
            "fullTitle": "Check garage options Remove car",
            "duration": 2277,
            "state": "passed",
            "speed": "fast",
            "pass": true,
            "fail": false,
            "pending": false,
            "code": "_Garage.default.removeCar();\n_Garage.default.emptyCarListDiv;\n_Garage.default.alertDiv.eq(1).should('have.text', 'Car removed');",
            "err": {},
            "isRoot": false,
            "uuid": "d26fc359-a2c7-42da-abdf-8c6720327d73",
            "parentUUID": "9d153d32-694b-4411-bea9-7b6a9bad8edf",
            "isHook": false,
            "skipped": false
          }
        ],
        "failures": [],
        "skipped": [],
        "hasBeforeHooks": false,
        "hasAfterHooks": false,
        "hasTests": true,
        "hasSuites": false,
        "totalTests": 4,
        "totalPasses": 4,
        "totalFailures": 0,
        "totalPending": 0,
        "totalSkipped": 0,
        "hasPasses": true,
        "hasFailures": false,
        "hasPending": false,
        "hasSkipped": false,
        "duration": 11090,
        "rootEmpty": false
      }
    ],
    "tests": [],
    "root": true,
    "pending": [],
    "_timeout": 2000,
    "file": "cypress/e2e/qauto/pages/garage.cy.js",
    "uuid": "d15575f4-791d-43cc-9728-66cbd89312c6",
    "beforeHooks": [],
    "afterHooks": [],
    "fullFile": "cypress/e2e/qauto/pages/garage.cy.js",
    "passes": [],
    "failures": [],
    "skipped": [],
    "hasBeforeHooks": false,
    "hasAfterHooks": false,
    "hasTests": false,
    "hasSuites": true,
    "totalTests": 0,
    "totalPasses": 0,
    "totalFailures": 0,
    "totalPending": 0,
    "totalSkipped": 0,
    "hasPasses": false,
    "hasFailures": false,
    "hasPending": false,
    "hasSkipped": false,
    "duration": 0,
    "rootEmpty": true
  },
  "allTests": [
    {
      "title": "Add car",
      "fullTitle": "Check garage options Add car",
      "duration": 3336,
      "state": "passed",
      "speed": "fast",
      "pass": true,
      "fail": false,
      "pending": false,
      "code": "_Garage.default.addCar('Ford', 'Fusion', 55);\n_Garage.default.carListUl.contains('p', 'Ford Fusion');\n_Garage.default.alertDiv.eq(1).should('have.text', 'Car added');",
      "err": {},
      "isRoot": false,
      "uuid": "c910f411-7848-4e90-a70b-8d30aaf4cb2b",
      "parentUUID": "9d153d32-694b-4411-bea9-7b6a9bad8edf",
      "isHook": false,
      "skipped": false
    },
    {
      "title": "Update mileage car",
      "fullTitle": "Check garage options Update mileage car",
      "duration": 2472,
      "state": "passed",
      "speed": "fast",
      "pass": true,
      "fail": false,
      "pending": false,
      "code": "_Garage.default.updateMileage(56);\n_Garage.default.mileageUpdateInput.first().should('have.value', 56);",
      "err": {},
      "isRoot": false,
      "uuid": "ba9d83b9-334d-4bff-bd22-a212a79367b1",
      "parentUUID": "9d153d32-694b-4411-bea9-7b6a9bad8edf",
      "isHook": false,
      "skipped": false
    },
    {
      "title": "Update car data",
      "fullTitle": "Check garage options Update car data",
      "duration": 3005,
      "state": "passed",
      "speed": "fast",
      "pass": true,
      "fail": false,
      "pending": false,
      "code": "_Garage.default.updateCar('Audi', 'TT', 59, '11.10.2025');\n_Garage.default.carListUl.contains('p', 'Audi TT');\n_Garage.default.mileageUpdateInput.first().should('have.value', 59);\n_Garage.default.alertDiv.eq(1).should('have.text', 'Car updated');",
      "err": {},
      "isRoot": false,
      "uuid": "08744737-bd11-467f-a116-4247dda52241",
      "parentUUID": "9d153d32-694b-4411-bea9-7b6a9bad8edf",
      "isHook": false,
      "skipped": false
    },
    {
      "title": "Remove car",
      "fullTitle": "Check garage options Remove car",
      "duration": 2277,
      "state": "passed",
      "speed": "fast",
      "pass": true,
      "fail": false,
      "pending": false,
      "code": "_Garage.default.removeCar();\n_Garage.default.emptyCarListDiv;\n_Garage.default.alertDiv.eq(1).should('have.text', 'Car removed');",
      "err": {},
      "isRoot": false,
      "uuid": "d26fc359-a2c7-42da-abdf-8c6720327d73",
      "parentUUID": "9d153d32-694b-4411-bea9-7b6a9bad8edf",
      "isHook": false,
      "skipped": false
    }
  ],
  "allPending": [],
  "allPasses": [
    {
      "title": "Add car",
      "fullTitle": "Check garage options Add car",
      "duration": 3336,
      "state": "passed",
      "speed": "fast",
      "pass": true,
      "fail": false,
      "pending": false,
      "code": "_Garage.default.addCar('Ford', 'Fusion', 55);\n_Garage.default.carListUl.contains('p', 'Ford Fusion');\n_Garage.default.alertDiv.eq(1).should('have.text', 'Car added');",
      "err": {},
      "isRoot": false,
      "uuid": "c910f411-7848-4e90-a70b-8d30aaf4cb2b",
      "parentUUID": "9d153d32-694b-4411-bea9-7b6a9bad8edf",
      "isHook": false,
      "skipped": false
    },
    {
      "title": "Update mileage car",
      "fullTitle": "Check garage options Update mileage car",
      "duration": 2472,
      "state": "passed",
      "speed": "fast",
      "pass": true,
      "fail": false,
      "pending": false,
      "code": "_Garage.default.updateMileage(56);\n_Garage.default.mileageUpdateInput.first().should('have.value', 56);",
      "err": {},
      "isRoot": false,
      "uuid": "ba9d83b9-334d-4bff-bd22-a212a79367b1",
      "parentUUID": "9d153d32-694b-4411-bea9-7b6a9bad8edf",
      "isHook": false,
      "skipped": false
    },
    {
      "title": "Update car data",
      "fullTitle": "Check garage options Update car data",
      "duration": 3005,
      "state": "passed",
      "speed": "fast",
      "pass": true,
      "fail": false,
      "pending": false,
      "code": "_Garage.default.updateCar('Audi', 'TT', 59, '11.10.2025');\n_Garage.default.carListUl.contains('p', 'Audi TT');\n_Garage.default.mileageUpdateInput.first().should('have.value', 59);\n_Garage.default.alertDiv.eq(1).should('have.text', 'Car updated');",
      "err": {},
      "isRoot": false,
      "uuid": "08744737-bd11-467f-a116-4247dda52241",
      "parentUUID": "9d153d32-694b-4411-bea9-7b6a9bad8edf",
      "isHook": false,
      "skipped": false
    },
    {
      "title": "Remove car",
      "fullTitle": "Check garage options Remove car",
      "duration": 2277,
      "state": "passed",
      "speed": "fast",
      "pass": true,
      "fail": false,
      "pending": false,
      "code": "_Garage.default.removeCar();\n_Garage.default.emptyCarListDiv;\n_Garage.default.alertDiv.eq(1).should('have.text', 'Car removed');",
      "err": {},
      "isRoot": false,
      "uuid": "d26fc359-a2c7-42da-abdf-8c6720327d73",
      "parentUUID": "9d153d32-694b-4411-bea9-7b6a9bad8edf",
      "isHook": false,
      "skipped": false
    }
  ],
  "allFailures": [],
  "copyrightYear": 2025
}