{
  "stats": {
    "suites": 1,
    "tests": 7,
    "passes": 7,
    "pending": 0,
    "failures": 0,
    "start": "2025-10-17T07:53:15.339Z",
    "end": "2025-10-17T07:53:46.261Z",
    "duration": 30922,
    "testsRegistered": 7,
    "passPercent": 100,
    "pendingPercent": 0,
    "other": 0,
    "hasOther": false,
    "skipped": 0,
    "hasSkipped": false,
    "passPercentClass": "success",
    "pendingPercentClass": "danger"
  },
  "suites": {
    "title": "",
    "suites": [
      {
        "title": "Check fuel expenses options",
        "suites": [],
        "tests": [
          {
            "title": "Create car and expense",
            "fullTitle": "Check fuel expenses options Create car and expense",
            "duration": 6704,
            "state": "passed",
            "speed": "medium",
            "pass": true,
            "fail": false,
            "pending": false,
            "code": "cy.visit('/panel/garage');\ntGarage.addCar();\ncy.visit(expensesPage);\ntFuelExpenses.addExpense();\ntFuelExpenses.expenseTableTr.first().should('include.text', tFuelExpenses.currDateUI);\ntGarage.alertDiv.should('have.text', 'Fuel expense added');",
            "err": {},
            "isRoot": false,
            "uuid": "768e6f59-438c-4e7c-b46c-a2281d2125e2",
            "parentUUID": "9dc2e8e3-6205-4b3f-80a5-659f765a7d6e",
            "isHook": false,
            "skipped": false
          },
          {
            "title": "Check created car",
            "fullTitle": "Check fuel expenses options Check created car",
            "duration": 3324,
            "state": "passed",
            "speed": "fast",
            "pass": true,
            "fail": false,
            "pending": false,
            "code": "tGarage.checkCreatedCarAPI()",
            "err": {},
            "isRoot": false,
            "uuid": "6a22971d-1f49-4131-bb4b-bbdb2fbb83d5",
            "parentUUID": "9dc2e8e3-6205-4b3f-80a5-659f765a7d6e",
            "isHook": false,
            "skipped": false
          },
          {
            "title": "Add expense via api",
            "fullTitle": "Check fuel expenses options Add expense via api",
            "duration": 3182,
            "state": "passed",
            "speed": "fast",
            "pass": true,
            "fail": false,
            "pending": false,
            "code": "cy.createExpenseAPI(tFuelExpenses.currDateAPI, 65, 13, 13, false)",
            "err": {},
            "isRoot": false,
            "uuid": "4c02073d-5c07-436b-acd4-ee9d99ed8671",
            "parentUUID": "9dc2e8e3-6205-4b3f-80a5-659f765a7d6e",
            "isHook": false,
            "skipped": false
          },
          {
            "title": "Find car and check expense",
            "fullTitle": "Check fuel expenses options Find car and check expense",
            "duration": 3398,
            "state": "passed",
            "speed": "fast",
            "pass": true,
            "fail": false,
            "pending": false,
            "code": "const trs = tFuelExpenses.expenseTableTr.first();\ntrs.get('td').eq(0).should('have.text', tFuelExpenses.currDateUI);\ntrs.get('td').eq(1).should('have.text', 65);\ntrs.get('td').eq(2).should('have.text', '13L');\ntrs.get('td').eq(3).should('have.text', '13.00 USD');\ncy.visit('/panel/garage');\ntGarage.carListUl.get('.car_name.h2').should('have.text', \"BMW X5\");\ntGarage.carListUl.get('.car_update-mileage').should('include.text', tFuelExpenses.currDateUI);\ntGarage.mileageUpdateInput.should('have.value', 65);",
            "err": {},
            "isRoot": false,
            "uuid": "f8d3f105-34c3-46b9-92a0-5ef54a7fa402",
            "parentUUID": "9dc2e8e3-6205-4b3f-80a5-659f765a7d6e",
            "isHook": false,
            "skipped": false
          },
          {
            "title": "Edit expense",
            "fullTitle": "Check fuel expenses options Edit expense",
            "duration": 4510,
            "state": "passed",
            "speed": "fast",
            "pass": true,
            "fail": false,
            "pending": false,
            "code": "tFuelExpenses.editExpense();\ntFuelExpenses.expenseTableTr.first().should('include.text', tFuelExpenses.currDateUI);\ntGarage.alertDiv.should('have.text', 'Fuel expense edited');",
            "err": {},
            "isRoot": false,
            "uuid": "d20924e1-034b-4ee4-967d-2253afa1cafe",
            "parentUUID": "9dc2e8e3-6205-4b3f-80a5-659f765a7d6e",
            "isHook": false,
            "skipped": false
          },
          {
            "title": "Delete first expense",
            "fullTitle": "Check fuel expenses options Delete first expense",
            "duration": 4394,
            "state": "passed",
            "speed": "fast",
            "pass": true,
            "fail": false,
            "pending": false,
            "code": "tFuelExpenses.removeExpense();\ncy.wait(1000);\ntGarage.alertDiv.should('have.text', 'Fuel expense entry removed');",
            "err": {},
            "isRoot": false,
            "uuid": "49a142c8-3ee6-471c-9cc1-7563361b1ea5",
            "parentUUID": "9dc2e8e3-6205-4b3f-80a5-659f765a7d6e",
            "isHook": false,
            "skipped": false
          },
          {
            "title": "Delete second expense",
            "fullTitle": "Check fuel expenses options Delete second expense",
            "duration": 4401,
            "state": "passed",
            "speed": "fast",
            "pass": true,
            "fail": false,
            "pending": false,
            "code": "tFuelExpenses.removeExpense();\ncy.wait(1000);\ntGarage.alertDiv.should('have.text', 'Fuel expense entry removed');\ntFuelExpenses.emptyExpensesDiv;",
            "err": {},
            "isRoot": false,
            "uuid": "52f2dc13-17df-4135-8253-255de09004c3",
            "parentUUID": "9dc2e8e3-6205-4b3f-80a5-659f765a7d6e",
            "isHook": false,
            "skipped": false
          }
        ],
        "root": false,
        "pending": [],
        "_timeout": 2000,
        "file": "",
        "uuid": "9dc2e8e3-6205-4b3f-80a5-659f765a7d6e",
        "beforeHooks": [],
        "afterHooks": [],
        "fullFile": "",
        "passes": [
          {
            "title": "Create car and expense",
            "fullTitle": "Check fuel expenses options Create car and expense",
            "duration": 6704,
            "state": "passed",
            "speed": "medium",
            "pass": true,
            "fail": false,
            "pending": false,
            "code": "cy.visit('/panel/garage');\ntGarage.addCar();\ncy.visit(expensesPage);\ntFuelExpenses.addExpense();\ntFuelExpenses.expenseTableTr.first().should('include.text', tFuelExpenses.currDateUI);\ntGarage.alertDiv.should('have.text', 'Fuel expense added');",
            "err": {},
            "isRoot": false,
            "uuid": "768e6f59-438c-4e7c-b46c-a2281d2125e2",
            "parentUUID": "9dc2e8e3-6205-4b3f-80a5-659f765a7d6e",
            "isHook": false,
            "skipped": false
          },
          {
            "title": "Check created car",
            "fullTitle": "Check fuel expenses options Check created car",
            "duration": 3324,
            "state": "passed",
            "speed": "fast",
            "pass": true,
            "fail": false,
            "pending": false,
            "code": "tGarage.checkCreatedCarAPI()",
            "err": {},
            "isRoot": false,
            "uuid": "6a22971d-1f49-4131-bb4b-bbdb2fbb83d5",
            "parentUUID": "9dc2e8e3-6205-4b3f-80a5-659f765a7d6e",
            "isHook": false,
            "skipped": false
          },
          {
            "title": "Add expense via api",
            "fullTitle": "Check fuel expenses options Add expense via api",
            "duration": 3182,
            "state": "passed",
            "speed": "fast",
            "pass": true,
            "fail": false,
            "pending": false,
            "code": "cy.createExpenseAPI(tFuelExpenses.currDateAPI, 65, 13, 13, false)",
            "err": {},
            "isRoot": false,
            "uuid": "4c02073d-5c07-436b-acd4-ee9d99ed8671",
            "parentUUID": "9dc2e8e3-6205-4b3f-80a5-659f765a7d6e",
            "isHook": false,
            "skipped": false
          },
          {
            "title": "Find car and check expense",
            "fullTitle": "Check fuel expenses options Find car and check expense",
            "duration": 3398,
            "state": "passed",
            "speed": "fast",
            "pass": true,
            "fail": false,
            "pending": false,
            "code": "const trs = tFuelExpenses.expenseTableTr.first();\ntrs.get('td').eq(0).should('have.text', tFuelExpenses.currDateUI);\ntrs.get('td').eq(1).should('have.text', 65);\ntrs.get('td').eq(2).should('have.text', '13L');\ntrs.get('td').eq(3).should('have.text', '13.00 USD');\ncy.visit('/panel/garage');\ntGarage.carListUl.get('.car_name.h2').should('have.text', \"BMW X5\");\ntGarage.carListUl.get('.car_update-mileage').should('include.text', tFuelExpenses.currDateUI);\ntGarage.mileageUpdateInput.should('have.value', 65);",
            "err": {},
            "isRoot": false,
            "uuid": "f8d3f105-34c3-46b9-92a0-5ef54a7fa402",
            "parentUUID": "9dc2e8e3-6205-4b3f-80a5-659f765a7d6e",
            "isHook": false,
            "skipped": false
          },
          {
            "title": "Edit expense",
            "fullTitle": "Check fuel expenses options Edit expense",
            "duration": 4510,
            "state": "passed",
            "speed": "fast",
            "pass": true,
            "fail": false,
            "pending": false,
            "code": "tFuelExpenses.editExpense();\ntFuelExpenses.expenseTableTr.first().should('include.text', tFuelExpenses.currDateUI);\ntGarage.alertDiv.should('have.text', 'Fuel expense edited');",
            "err": {},
            "isRoot": false,
            "uuid": "d20924e1-034b-4ee4-967d-2253afa1cafe",
            "parentUUID": "9dc2e8e3-6205-4b3f-80a5-659f765a7d6e",
            "isHook": false,
            "skipped": false
          },
          {
            "title": "Delete first expense",
            "fullTitle": "Check fuel expenses options Delete first expense",
            "duration": 4394,
            "state": "passed",
            "speed": "fast",
            "pass": true,
            "fail": false,
            "pending": false,
            "code": "tFuelExpenses.removeExpense();\ncy.wait(1000);\ntGarage.alertDiv.should('have.text', 'Fuel expense entry removed');",
            "err": {},
            "isRoot": false,
            "uuid": "49a142c8-3ee6-471c-9cc1-7563361b1ea5",
            "parentUUID": "9dc2e8e3-6205-4b3f-80a5-659f765a7d6e",
            "isHook": false,
            "skipped": false
          },
          {
            "title": "Delete second expense",
            "fullTitle": "Check fuel expenses options Delete second expense",
            "duration": 4401,
            "state": "passed",
            "speed": "fast",
            "pass": true,
            "fail": false,
            "pending": false,
            "code": "tFuelExpenses.removeExpense();\ncy.wait(1000);\ntGarage.alertDiv.should('have.text', 'Fuel expense entry removed');\ntFuelExpenses.emptyExpensesDiv;",
            "err": {},
            "isRoot": false,
            "uuid": "52f2dc13-17df-4135-8253-255de09004c3",
            "parentUUID": "9dc2e8e3-6205-4b3f-80a5-659f765a7d6e",
            "isHook": false,
            "skipped": false
          }
        ],
        "failures": [],
        "skipped": [],
        "hasBeforeHooks": false,
        "hasAfterHooks": false,
        "hasTests": true,
        "hasSuites": false,
        "totalTests": 7,
        "totalPasses": 7,
        "totalFailures": 0,
        "totalPending": 0,
        "totalSkipped": 0,
        "hasPasses": true,
        "hasFailures": false,
        "hasPending": false,
        "hasSkipped": false,
        "duration": 29913,
        "rootEmpty": false
      }
    ],
    "tests": [],
    "root": true,
    "pending": [],
    "_timeout": 2000,
    "file": "cypress/e2e/qauto/pages/fuelExpenses.cy.js",
    "uuid": "013ff52b-56bc-4ef9-8a28-373eb7419217",
    "beforeHooks": [],
    "afterHooks": [],
    "fullFile": "cypress/e2e/qauto/pages/fuelExpenses.cy.js",
    "passes": [],
    "failures": [],
    "skipped": [],
    "hasBeforeHooks": false,
    "hasAfterHooks": false,
    "hasTests": false,
    "hasSuites": true,
    "totalTests": 0,
    "totalPasses": 0,
    "totalFailures": 0,
    "totalPending": 0,
    "totalSkipped": 0,
    "hasPasses": false,
    "hasFailures": false,
    "hasPending": false,
    "hasSkipped": false,
    "duration": 0,
    "rootEmpty": true
  },
  "allTests": [
    {
      "title": "Create car and expense",
      "fullTitle": "Check fuel expenses options Create car and expense",
      "duration": 6704,
      "state": "passed",
      "speed": "medium",
      "pass": true,
      "fail": false,
      "pending": false,
      "code": "cy.visit('/panel/garage');\ntGarage.addCar();\ncy.visit(expensesPage);\ntFuelExpenses.addExpense();\ntFuelExpenses.expenseTableTr.first().should('include.text', tFuelExpenses.currDateUI);\ntGarage.alertDiv.should('have.text', 'Fuel expense added');",
      "err": {},
      "isRoot": false,
      "uuid": "768e6f59-438c-4e7c-b46c-a2281d2125e2",
      "parentUUID": "9dc2e8e3-6205-4b3f-80a5-659f765a7d6e",
      "isHook": false,
      "skipped": false
    },
    {
      "title": "Check created car",
      "fullTitle": "Check fuel expenses options Check created car",
      "duration": 3324,
      "state": "passed",
      "speed": "fast",
      "pass": true,
      "fail": false,
      "pending": false,
      "code": "tGarage.checkCreatedCarAPI()",
      "err": {},
      "isRoot": false,
      "uuid": "6a22971d-1f49-4131-bb4b-bbdb2fbb83d5",
      "parentUUID": "9dc2e8e3-6205-4b3f-80a5-659f765a7d6e",
      "isHook": false,
      "skipped": false
    },
    {
      "title": "Add expense via api",
      "fullTitle": "Check fuel expenses options Add expense via api",
      "duration": 3182,
      "state": "passed",
      "speed": "fast",
      "pass": true,
      "fail": false,
      "pending": false,
      "code": "cy.createExpenseAPI(tFuelExpenses.currDateAPI, 65, 13, 13, false)",
      "err": {},
      "isRoot": false,
      "uuid": "4c02073d-5c07-436b-acd4-ee9d99ed8671",
      "parentUUID": "9dc2e8e3-6205-4b3f-80a5-659f765a7d6e",
      "isHook": false,
      "skipped": false
    },
    {
      "title": "Find car and check expense",
      "fullTitle": "Check fuel expenses options Find car and check expense",
      "duration": 3398,
      "state": "passed",
      "speed": "fast",
      "pass": true,
      "fail": false,
      "pending": false,
      "code": "const trs = tFuelExpenses.expenseTableTr.first();\ntrs.get('td').eq(0).should('have.text', tFuelExpenses.currDateUI);\ntrs.get('td').eq(1).should('have.text', 65);\ntrs.get('td').eq(2).should('have.text', '13L');\ntrs.get('td').eq(3).should('have.text', '13.00 USD');\ncy.visit('/panel/garage');\ntGarage.carListUl.get('.car_name.h2').should('have.text', \"BMW X5\");\ntGarage.carListUl.get('.car_update-mileage').should('include.text', tFuelExpenses.currDateUI);\ntGarage.mileageUpdateInput.should('have.value', 65);",
      "err": {},
      "isRoot": false,
      "uuid": "f8d3f105-34c3-46b9-92a0-5ef54a7fa402",
      "parentUUID": "9dc2e8e3-6205-4b3f-80a5-659f765a7d6e",
      "isHook": false,
      "skipped": false
    },
    {
      "title": "Edit expense",
      "fullTitle": "Check fuel expenses options Edit expense",
      "duration": 4510,
      "state": "passed",
      "speed": "fast",
      "pass": true,
      "fail": false,
      "pending": false,
      "code": "tFuelExpenses.editExpense();\ntFuelExpenses.expenseTableTr.first().should('include.text', tFuelExpenses.currDateUI);\ntGarage.alertDiv.should('have.text', 'Fuel expense edited');",
      "err": {},
      "isRoot": false,
      "uuid": "d20924e1-034b-4ee4-967d-2253afa1cafe",
      "parentUUID": "9dc2e8e3-6205-4b3f-80a5-659f765a7d6e",
      "isHook": false,
      "skipped": false
    },
    {
      "title": "Delete first expense",
      "fullTitle": "Check fuel expenses options Delete first expense",
      "duration": 4394,
      "state": "passed",
      "speed": "fast",
      "pass": true,
      "fail": false,
      "pending": false,
      "code": "tFuelExpenses.removeExpense();\ncy.wait(1000);\ntGarage.alertDiv.should('have.text', 'Fuel expense entry removed');",
      "err": {},
      "isRoot": false,
      "uuid": "49a142c8-3ee6-471c-9cc1-7563361b1ea5",
      "parentUUID": "9dc2e8e3-6205-4b3f-80a5-659f765a7d6e",
      "isHook": false,
      "skipped": false
    },
    {
      "title": "Delete second expense",
      "fullTitle": "Check fuel expenses options Delete second expense",
      "duration": 4401,
      "state": "passed",
      "speed": "fast",
      "pass": true,
      "fail": false,
      "pending": false,
      "code": "tFuelExpenses.removeExpense();\ncy.wait(1000);\ntGarage.alertDiv.should('have.text', 'Fuel expense entry removed');\ntFuelExpenses.emptyExpensesDiv;",
      "err": {},
      "isRoot": false,
      "uuid": "52f2dc13-17df-4135-8253-255de09004c3",
      "parentUUID": "9dc2e8e3-6205-4b3f-80a5-659f765a7d6e",
      "isHook": false,
      "skipped": false
    }
  ],
  "allPending": [],
  "allPasses": [
    {
      "title": "Create car and expense",
      "fullTitle": "Check fuel expenses options Create car and expense",
      "duration": 6704,
      "state": "passed",
      "speed": "medium",
      "pass": true,
      "fail": false,
      "pending": false,
      "code": "cy.visit('/panel/garage');\ntGarage.addCar();\ncy.visit(expensesPage);\ntFuelExpenses.addExpense();\ntFuelExpenses.expenseTableTr.first().should('include.text', tFuelExpenses.currDateUI);\ntGarage.alertDiv.should('have.text', 'Fuel expense added');",
      "err": {},
      "isRoot": false,
      "uuid": "768e6f59-438c-4e7c-b46c-a2281d2125e2",
      "parentUUID": "9dc2e8e3-6205-4b3f-80a5-659f765a7d6e",
      "isHook": false,
      "skipped": false
    },
    {
      "title": "Check created car",
      "fullTitle": "Check fuel expenses options Check created car",
      "duration": 3324,
      "state": "passed",
      "speed": "fast",
      "pass": true,
      "fail": false,
      "pending": false,
      "code": "tGarage.checkCreatedCarAPI()",
      "err": {},
      "isRoot": false,
      "uuid": "6a22971d-1f49-4131-bb4b-bbdb2fbb83d5",
      "parentUUID": "9dc2e8e3-6205-4b3f-80a5-659f765a7d6e",
      "isHook": false,
      "skipped": false
    },
    {
      "title": "Add expense via api",
      "fullTitle": "Check fuel expenses options Add expense via api",
      "duration": 3182,
      "state": "passed",
      "speed": "fast",
      "pass": true,
      "fail": false,
      "pending": false,
      "code": "cy.createExpenseAPI(tFuelExpenses.currDateAPI, 65, 13, 13, false)",
      "err": {},
      "isRoot": false,
      "uuid": "4c02073d-5c07-436b-acd4-ee9d99ed8671",
      "parentUUID": "9dc2e8e3-6205-4b3f-80a5-659f765a7d6e",
      "isHook": false,
      "skipped": false
    },
    {
      "title": "Find car and check expense",
      "fullTitle": "Check fuel expenses options Find car and check expense",
      "duration": 3398,
      "state": "passed",
      "speed": "fast",
      "pass": true,
      "fail": false,
      "pending": false,
      "code": "const trs = tFuelExpenses.expenseTableTr.first();\ntrs.get('td').eq(0).should('have.text', tFuelExpenses.currDateUI);\ntrs.get('td').eq(1).should('have.text', 65);\ntrs.get('td').eq(2).should('have.text', '13L');\ntrs.get('td').eq(3).should('have.text', '13.00 USD');\ncy.visit('/panel/garage');\ntGarage.carListUl.get('.car_name.h2').should('have.text', \"BMW X5\");\ntGarage.carListUl.get('.car_update-mileage').should('include.text', tFuelExpenses.currDateUI);\ntGarage.mileageUpdateInput.should('have.value', 65);",
      "err": {},
      "isRoot": false,
      "uuid": "f8d3f105-34c3-46b9-92a0-5ef54a7fa402",
      "parentUUID": "9dc2e8e3-6205-4b3f-80a5-659f765a7d6e",
      "isHook": false,
      "skipped": false
    },
    {
      "title": "Edit expense",
      "fullTitle": "Check fuel expenses options Edit expense",
      "duration": 4510,
      "state": "passed",
      "speed": "fast",
      "pass": true,
      "fail": false,
      "pending": false,
      "code": "tFuelExpenses.editExpense();\ntFuelExpenses.expenseTableTr.first().should('include.text', tFuelExpenses.currDateUI);\ntGarage.alertDiv.should('have.text', 'Fuel expense edited');",
      "err": {},
      "isRoot": false,
      "uuid": "d20924e1-034b-4ee4-967d-2253afa1cafe",
      "parentUUID": "9dc2e8e3-6205-4b3f-80a5-659f765a7d6e",
      "isHook": false,
      "skipped": false
    },
    {
      "title": "Delete first expense",
      "fullTitle": "Check fuel expenses options Delete first expense",
      "duration": 4394,
      "state": "passed",
      "speed": "fast",
      "pass": true,
      "fail": false,
      "pending": false,
      "code": "tFuelExpenses.removeExpense();\ncy.wait(1000);\ntGarage.alertDiv.should('have.text', 'Fuel expense entry removed');",
      "err": {},
      "isRoot": false,
      "uuid": "49a142c8-3ee6-471c-9cc1-7563361b1ea5",
      "parentUUID": "9dc2e8e3-6205-4b3f-80a5-659f765a7d6e",
      "isHook": false,
      "skipped": false
    },
    {
      "title": "Delete second expense",
      "fullTitle": "Check fuel expenses options Delete second expense",
      "duration": 4401,
      "state": "passed",
      "speed": "fast",
      "pass": true,
      "fail": false,
      "pending": false,
      "code": "tFuelExpenses.removeExpense();\ncy.wait(1000);\ntGarage.alertDiv.should('have.text', 'Fuel expense entry removed');\ntFuelExpenses.emptyExpensesDiv;",
      "err": {},
      "isRoot": false,
      "uuid": "52f2dc13-17df-4135-8253-255de09004c3",
      "parentUUID": "9dc2e8e3-6205-4b3f-80a5-659f765a7d6e",
      "isHook": false,
      "skipped": false
    }
  ],
  "allFailures": [],
  "copyrightYear": 2025
}