{
  "stats": {
    "suites": 1,
    "tests": 3,
    "passes": 3,
    "pending": 0,
    "failures": 0,
    "start": "2025-10-14T13:10:08.157Z",
    "end": "2025-10-14T13:10:22.043Z",
    "duration": 13886,
    "testsRegistered": 3,
    "passPercent": 100,
    "pendingPercent": 0,
    "other": 0,
    "hasOther": false,
    "skipped": 0,
    "hasSkipped": false,
    "passPercentClass": "success",
    "pendingPercentClass": "danger"
  },
  "suites": {
    "title": "",
    "suites": [
      {
        "title": "Check fuel expenses options",
        "suites": [],
        "tests": [
          {
            "title": "Create car and expense",
            "fullTitle": "Check fuel expenses options Create car and expense",
            "duration": 5807,
            "state": "passed",
            "speed": "medium",
            "pass": true,
            "fail": false,
            "pending": false,
            "code": "cy.visit('/panel/garage');\n_Garage.default.addCar();\ncy.visit(expensesPage);\n_FuelExpenses.default.addExpense();\n_FuelExpenses.default.expenseTableTr.first().should('include.text', _FuelExpenses.default.currDate);\n_Garage.default.alertDiv.should('have.text', 'Fuel expense added');",
            "err": {},
            "isRoot": false,
            "uuid": "c2cc3216-19e3-4c4a-9ede-b4440ef0c562",
            "parentUUID": "af1fc341-bc7c-48c4-992a-a9295b6fecc6",
            "isHook": false,
            "skipped": false
          },
          {
            "title": "Edit expense",
            "fullTitle": "Check fuel expenses options Edit expense",
            "duration": 3692,
            "state": "passed",
            "speed": "fast",
            "pass": true,
            "fail": false,
            "pending": false,
            "code": "_FuelExpenses.default.editExpense();\n_FuelExpenses.default.expenseTableTr.first().should('include.text', _FuelExpenses.default.currDate);\n_Garage.default.alertDiv.should('have.text', 'Fuel expense edited');",
            "err": {},
            "isRoot": false,
            "uuid": "cba691f0-6450-43c5-ae94-fbbd78e03273",
            "parentUUID": "af1fc341-bc7c-48c4-992a-a9295b6fecc6",
            "isHook": false,
            "skipped": false
          },
          {
            "title": "Delete expense",
            "fullTitle": "Check fuel expenses options Delete expense",
            "duration": 3419,
            "state": "passed",
            "speed": "fast",
            "pass": true,
            "fail": false,
            "pending": false,
            "code": "_FuelExpenses.default.removeExpense();\ncy.wait(1000);\n_Garage.default.alertDiv.should('have.text', 'Fuel expense entry removed');\n_FuelExpenses.default.emptyExpensesDiv;",
            "err": {},
            "isRoot": false,
            "uuid": "77962fc8-fc89-45cd-a8ba-cbe640f283b6",
            "parentUUID": "af1fc341-bc7c-48c4-992a-a9295b6fecc6",
            "isHook": false,
            "skipped": false
          }
        ],
        "root": false,
        "pending": [],
        "_timeout": 2000,
        "file": "",
        "uuid": "af1fc341-bc7c-48c4-992a-a9295b6fecc6",
        "beforeHooks": [],
        "afterHooks": [],
        "fullFile": "",
        "passes": [
          {
            "title": "Create car and expense",
            "fullTitle": "Check fuel expenses options Create car and expense",
            "duration": 5807,
            "state": "passed",
            "speed": "medium",
            "pass": true,
            "fail": false,
            "pending": false,
            "code": "cy.visit('/panel/garage');\n_Garage.default.addCar();\ncy.visit(expensesPage);\n_FuelExpenses.default.addExpense();\n_FuelExpenses.default.expenseTableTr.first().should('include.text', _FuelExpenses.default.currDate);\n_Garage.default.alertDiv.should('have.text', 'Fuel expense added');",
            "err": {},
            "isRoot": false,
            "uuid": "c2cc3216-19e3-4c4a-9ede-b4440ef0c562",
            "parentUUID": "af1fc341-bc7c-48c4-992a-a9295b6fecc6",
            "isHook": false,
            "skipped": false
          },
          {
            "title": "Edit expense",
            "fullTitle": "Check fuel expenses options Edit expense",
            "duration": 3692,
            "state": "passed",
            "speed": "fast",
            "pass": true,
            "fail": false,
            "pending": false,
            "code": "_FuelExpenses.default.editExpense();\n_FuelExpenses.default.expenseTableTr.first().should('include.text', _FuelExpenses.default.currDate);\n_Garage.default.alertDiv.should('have.text', 'Fuel expense edited');",
            "err": {},
            "isRoot": false,
            "uuid": "cba691f0-6450-43c5-ae94-fbbd78e03273",
            "parentUUID": "af1fc341-bc7c-48c4-992a-a9295b6fecc6",
            "isHook": false,
            "skipped": false
          },
          {
            "title": "Delete expense",
            "fullTitle": "Check fuel expenses options Delete expense",
            "duration": 3419,
            "state": "passed",
            "speed": "fast",
            "pass": true,
            "fail": false,
            "pending": false,
            "code": "_FuelExpenses.default.removeExpense();\ncy.wait(1000);\n_Garage.default.alertDiv.should('have.text', 'Fuel expense entry removed');\n_FuelExpenses.default.emptyExpensesDiv;",
            "err": {},
            "isRoot": false,
            "uuid": "77962fc8-fc89-45cd-a8ba-cbe640f283b6",
            "parentUUID": "af1fc341-bc7c-48c4-992a-a9295b6fecc6",
            "isHook": false,
            "skipped": false
          }
        ],
        "failures": [],
        "skipped": [],
        "hasBeforeHooks": false,
        "hasAfterHooks": false,
        "hasTests": true,
        "hasSuites": false,
        "totalTests": 3,
        "totalPasses": 3,
        "totalFailures": 0,
        "totalPending": 0,
        "totalSkipped": 0,
        "hasPasses": true,
        "hasFailures": false,
        "hasPending": false,
        "hasSkipped": false,
        "duration": 12918,
        "rootEmpty": false
      }
    ],
    "tests": [],
    "root": true,
    "pending": [],
    "_timeout": 2000,
    "file": "cypress/e2e/qauto/pages/fuelExpenses.cy.js",
    "uuid": "70a64e1a-8a32-4a0b-bb81-e12ed9d23dd0",
    "beforeHooks": [],
    "afterHooks": [],
    "fullFile": "cypress/e2e/qauto/pages/fuelExpenses.cy.js",
    "passes": [],
    "failures": [],
    "skipped": [],
    "hasBeforeHooks": false,
    "hasAfterHooks": false,
    "hasTests": false,
    "hasSuites": true,
    "totalTests": 0,
    "totalPasses": 0,
    "totalFailures": 0,
    "totalPending": 0,
    "totalSkipped": 0,
    "hasPasses": false,
    "hasFailures": false,
    "hasPending": false,
    "hasSkipped": false,
    "duration": 0,
    "rootEmpty": true
  },
  "allTests": [
    {
      "title": "Create car and expense",
      "fullTitle": "Check fuel expenses options Create car and expense",
      "duration": 5807,
      "state": "passed",
      "speed": "medium",
      "pass": true,
      "fail": false,
      "pending": false,
      "code": "cy.visit('/panel/garage');\n_Garage.default.addCar();\ncy.visit(expensesPage);\n_FuelExpenses.default.addExpense();\n_FuelExpenses.default.expenseTableTr.first().should('include.text', _FuelExpenses.default.currDate);\n_Garage.default.alertDiv.should('have.text', 'Fuel expense added');",
      "err": {},
      "isRoot": false,
      "uuid": "c2cc3216-19e3-4c4a-9ede-b4440ef0c562",
      "parentUUID": "af1fc341-bc7c-48c4-992a-a9295b6fecc6",
      "isHook": false,
      "skipped": false
    },
    {
      "title": "Edit expense",
      "fullTitle": "Check fuel expenses options Edit expense",
      "duration": 3692,
      "state": "passed",
      "speed": "fast",
      "pass": true,
      "fail": false,
      "pending": false,
      "code": "_FuelExpenses.default.editExpense();\n_FuelExpenses.default.expenseTableTr.first().should('include.text', _FuelExpenses.default.currDate);\n_Garage.default.alertDiv.should('have.text', 'Fuel expense edited');",
      "err": {},
      "isRoot": false,
      "uuid": "cba691f0-6450-43c5-ae94-fbbd78e03273",
      "parentUUID": "af1fc341-bc7c-48c4-992a-a9295b6fecc6",
      "isHook": false,
      "skipped": false
    },
    {
      "title": "Delete expense",
      "fullTitle": "Check fuel expenses options Delete expense",
      "duration": 3419,
      "state": "passed",
      "speed": "fast",
      "pass": true,
      "fail": false,
      "pending": false,
      "code": "_FuelExpenses.default.removeExpense();\ncy.wait(1000);\n_Garage.default.alertDiv.should('have.text', 'Fuel expense entry removed');\n_FuelExpenses.default.emptyExpensesDiv;",
      "err": {},
      "isRoot": false,
      "uuid": "77962fc8-fc89-45cd-a8ba-cbe640f283b6",
      "parentUUID": "af1fc341-bc7c-48c4-992a-a9295b6fecc6",
      "isHook": false,
      "skipped": false
    }
  ],
  "allPending": [],
  "allPasses": [
    {
      "title": "Create car and expense",
      "fullTitle": "Check fuel expenses options Create car and expense",
      "duration": 5807,
      "state": "passed",
      "speed": "medium",
      "pass": true,
      "fail": false,
      "pending": false,
      "code": "cy.visit('/panel/garage');\n_Garage.default.addCar();\ncy.visit(expensesPage);\n_FuelExpenses.default.addExpense();\n_FuelExpenses.default.expenseTableTr.first().should('include.text', _FuelExpenses.default.currDate);\n_Garage.default.alertDiv.should('have.text', 'Fuel expense added');",
      "err": {},
      "isRoot": false,
      "uuid": "c2cc3216-19e3-4c4a-9ede-b4440ef0c562",
      "parentUUID": "af1fc341-bc7c-48c4-992a-a9295b6fecc6",
      "isHook": false,
      "skipped": false
    },
    {
      "title": "Edit expense",
      "fullTitle": "Check fuel expenses options Edit expense",
      "duration": 3692,
      "state": "passed",
      "speed": "fast",
      "pass": true,
      "fail": false,
      "pending": false,
      "code": "_FuelExpenses.default.editExpense();\n_FuelExpenses.default.expenseTableTr.first().should('include.text', _FuelExpenses.default.currDate);\n_Garage.default.alertDiv.should('have.text', 'Fuel expense edited');",
      "err": {},
      "isRoot": false,
      "uuid": "cba691f0-6450-43c5-ae94-fbbd78e03273",
      "parentUUID": "af1fc341-bc7c-48c4-992a-a9295b6fecc6",
      "isHook": false,
      "skipped": false
    },
    {
      "title": "Delete expense",
      "fullTitle": "Check fuel expenses options Delete expense",
      "duration": 3419,
      "state": "passed",
      "speed": "fast",
      "pass": true,
      "fail": false,
      "pending": false,
      "code": "_FuelExpenses.default.removeExpense();\ncy.wait(1000);\n_Garage.default.alertDiv.should('have.text', 'Fuel expense entry removed');\n_FuelExpenses.default.emptyExpensesDiv;",
      "err": {},
      "isRoot": false,
      "uuid": "77962fc8-fc89-45cd-a8ba-cbe640f283b6",
      "parentUUID": "af1fc341-bc7c-48c4-992a-a9295b6fecc6",
      "isHook": false,
      "skipped": false
    }
  ],
  "allFailures": [],
  "copyrightYear": 2025
}