{
  "stats": {
    "suites": 1,
    "tests": 7,
    "passes": 7,
    "pending": 0,
    "failures": 0,
    "start": "2025-11-20T07:10:57.104Z",
    "end": "2025-11-20T07:12:35.121Z",
    "duration": 98017,
    "testsRegistered": 7,
    "passPercent": 100,
    "pendingPercent": 0,
    "other": 0,
    "hasOther": false,
    "skipped": 0,
    "hasSkipped": false,
    "passPercentClass": "success",
    "pendingPercentClass": "danger"
  },
  "suites": {
    "title": "",
    "suites": [
      {
        "title": "Check fuel expenses options",
        "suites": [],
        "tests": [
          {
            "title": "Create car and expense",
            "fullTitle": "Check fuel expenses options Create car and expense",
            "duration": 18927,
            "state": "passed",
            "speed": "slow",
            "pass": true,
            "fail": false,
            "pending": false,
            "code": "cy.visit('/panel/garage');\ntGarage.addCar();\ncy.visit(expensesPage);\ntFuelExpenses.addExpense();\ntFuelExpenses.expenseTableTr.first().should('include.text', tFuelExpenses.currDateUI);\ntGarage.alertDiv.should('have.text', 'Fuel expense added');",
            "err": {},
            "isRoot": false,
            "uuid": "abbb23c3-4f86-46b6-9801-dd3c2520a85e",
            "parentUUID": "abe62464-cfe8-4df7-aa1c-2cbe1594f559",
            "isHook": false,
            "skipped": false
          },
          {
            "title": "Check created car",
            "fullTitle": "Check fuel expenses options Check created car",
            "duration": 12374,
            "state": "passed",
            "speed": "slow",
            "pass": true,
            "fail": false,
            "pending": false,
            "code": "tGarage.checkCreatedCarAPI()",
            "err": {},
            "isRoot": false,
            "uuid": "afac614f-ddbd-467c-bb41-17f20276af22",
            "parentUUID": "abe62464-cfe8-4df7-aa1c-2cbe1594f559",
            "isHook": false,
            "skipped": false
          },
          {
            "title": "Add expense via api",
            "fullTitle": "Check fuel expenses options Add expense via api",
            "duration": 12319,
            "state": "passed",
            "speed": "slow",
            "pass": true,
            "fail": false,
            "pending": false,
            "code": "cy.createExpenseAPI(tFuelExpenses.currDateAPI, 65, 13, 13, false)",
            "err": {},
            "isRoot": false,
            "uuid": "7d751684-443e-49e8-a11c-96ab125dab2e",
            "parentUUID": "abe62464-cfe8-4df7-aa1c-2cbe1594f559",
            "isHook": false,
            "skipped": false
          },
          {
            "title": "Find car and check expense",
            "fullTitle": "Check fuel expenses options Find car and check expense",
            "duration": 12578,
            "state": "passed",
            "speed": "slow",
            "pass": true,
            "fail": false,
            "pending": false,
            "code": "const trs = tFuelExpenses.expenseTableTr.first();\ntrs.get('td').eq(0).should('have.text', tFuelExpenses.currDateUI);\ntrs.get('td').eq(1).should('have.text', 65);\ntrs.get('td').eq(2).should('have.text', '13L');\ntrs.get('td').eq(3).should('have.text', '13.00 USD');\ncy.visit('/panel/garage');\ntGarage.carListUl.get('.car_name.h2').should('have.text', \"BMW X5\");\ntGarage.carListUl.get('.car_update-mileage').should('include.text', tFuelExpenses.currDateUI);\ntGarage.mileageUpdateInput.should('have.value', 65);",
            "err": {},
            "isRoot": false,
            "uuid": "e384a9ab-cc78-44e4-812a-8f9d89b52772",
            "parentUUID": "abe62464-cfe8-4df7-aa1c-2cbe1594f559",
            "isHook": false,
            "skipped": false
          },
          {
            "title": "Edit expense",
            "fullTitle": "Check fuel expenses options Edit expense",
            "duration": 13679,
            "state": "passed",
            "speed": "slow",
            "pass": true,
            "fail": false,
            "pending": false,
            "code": "tFuelExpenses.editExpense();\ntFuelExpenses.expenseTableTr.first().should('include.text', tFuelExpenses.currDateUI);\ntGarage.alertDiv.should('have.text', 'Fuel expense edited');",
            "err": {},
            "isRoot": false,
            "uuid": "5e4e55ad-ef71-4594-ac43-abff6461a020",
            "parentUUID": "abe62464-cfe8-4df7-aa1c-2cbe1594f559",
            "isHook": false,
            "skipped": false
          },
          {
            "title": "Delete first expense",
            "fullTitle": "Check fuel expenses options Delete first expense",
            "duration": 13584,
            "state": "passed",
            "speed": "slow",
            "pass": true,
            "fail": false,
            "pending": false,
            "code": "tFuelExpenses.removeExpense();\ncy.wait(1000);\ntGarage.alertDiv.should('have.text', 'Fuel expense entry removed');",
            "err": {},
            "isRoot": false,
            "uuid": "adb57e90-3e57-4dc0-8d8f-feff0de4c17b",
            "parentUUID": "abe62464-cfe8-4df7-aa1c-2cbe1594f559",
            "isHook": false,
            "skipped": false
          },
          {
            "title": "Delete second expense",
            "fullTitle": "Check fuel expenses options Delete second expense",
            "duration": 13456,
            "state": "passed",
            "speed": "slow",
            "pass": true,
            "fail": false,
            "pending": false,
            "code": "tFuelExpenses.removeExpense();\ncy.wait(1000);\ntGarage.alertDiv.should('have.text', 'Fuel expense entry removed');\ntFuelExpenses.emptyExpensesDiv;",
            "err": {},
            "isRoot": false,
            "uuid": "e5e51247-8e53-480e-8778-92516b983139",
            "parentUUID": "abe62464-cfe8-4df7-aa1c-2cbe1594f559",
            "isHook": false,
            "skipped": false
          }
        ],
        "root": false,
        "pending": [],
        "_timeout": 2000,
        "file": "",
        "uuid": "abe62464-cfe8-4df7-aa1c-2cbe1594f559",
        "beforeHooks": [],
        "afterHooks": [],
        "fullFile": "",
        "passes": [
          {
            "title": "Create car and expense",
            "fullTitle": "Check fuel expenses options Create car and expense",
            "duration": 18927,
            "state": "passed",
            "speed": "slow",
            "pass": true,
            "fail": false,
            "pending": false,
            "code": "cy.visit('/panel/garage');\ntGarage.addCar();\ncy.visit(expensesPage);\ntFuelExpenses.addExpense();\ntFuelExpenses.expenseTableTr.first().should('include.text', tFuelExpenses.currDateUI);\ntGarage.alertDiv.should('have.text', 'Fuel expense added');",
            "err": {},
            "isRoot": false,
            "uuid": "abbb23c3-4f86-46b6-9801-dd3c2520a85e",
            "parentUUID": "abe62464-cfe8-4df7-aa1c-2cbe1594f559",
            "isHook": false,
            "skipped": false
          },
          {
            "title": "Check created car",
            "fullTitle": "Check fuel expenses options Check created car",
            "duration": 12374,
            "state": "passed",
            "speed": "slow",
            "pass": true,
            "fail": false,
            "pending": false,
            "code": "tGarage.checkCreatedCarAPI()",
            "err": {},
            "isRoot": false,
            "uuid": "afac614f-ddbd-467c-bb41-17f20276af22",
            "parentUUID": "abe62464-cfe8-4df7-aa1c-2cbe1594f559",
            "isHook": false,
            "skipped": false
          },
          {
            "title": "Add expense via api",
            "fullTitle": "Check fuel expenses options Add expense via api",
            "duration": 12319,
            "state": "passed",
            "speed": "slow",
            "pass": true,
            "fail": false,
            "pending": false,
            "code": "cy.createExpenseAPI(tFuelExpenses.currDateAPI, 65, 13, 13, false)",
            "err": {},
            "isRoot": false,
            "uuid": "7d751684-443e-49e8-a11c-96ab125dab2e",
            "parentUUID": "abe62464-cfe8-4df7-aa1c-2cbe1594f559",
            "isHook": false,
            "skipped": false
          },
          {
            "title": "Find car and check expense",
            "fullTitle": "Check fuel expenses options Find car and check expense",
            "duration": 12578,
            "state": "passed",
            "speed": "slow",
            "pass": true,
            "fail": false,
            "pending": false,
            "code": "const trs = tFuelExpenses.expenseTableTr.first();\ntrs.get('td').eq(0).should('have.text', tFuelExpenses.currDateUI);\ntrs.get('td').eq(1).should('have.text', 65);\ntrs.get('td').eq(2).should('have.text', '13L');\ntrs.get('td').eq(3).should('have.text', '13.00 USD');\ncy.visit('/panel/garage');\ntGarage.carListUl.get('.car_name.h2').should('have.text', \"BMW X5\");\ntGarage.carListUl.get('.car_update-mileage').should('include.text', tFuelExpenses.currDateUI);\ntGarage.mileageUpdateInput.should('have.value', 65);",
            "err": {},
            "isRoot": false,
            "uuid": "e384a9ab-cc78-44e4-812a-8f9d89b52772",
            "parentUUID": "abe62464-cfe8-4df7-aa1c-2cbe1594f559",
            "isHook": false,
            "skipped": false
          },
          {
            "title": "Edit expense",
            "fullTitle": "Check fuel expenses options Edit expense",
            "duration": 13679,
            "state": "passed",
            "speed": "slow",
            "pass": true,
            "fail": false,
            "pending": false,
            "code": "tFuelExpenses.editExpense();\ntFuelExpenses.expenseTableTr.first().should('include.text', tFuelExpenses.currDateUI);\ntGarage.alertDiv.should('have.text', 'Fuel expense edited');",
            "err": {},
            "isRoot": false,
            "uuid": "5e4e55ad-ef71-4594-ac43-abff6461a020",
            "parentUUID": "abe62464-cfe8-4df7-aa1c-2cbe1594f559",
            "isHook": false,
            "skipped": false
          },
          {
            "title": "Delete first expense",
            "fullTitle": "Check fuel expenses options Delete first expense",
            "duration": 13584,
            "state": "passed",
            "speed": "slow",
            "pass": true,
            "fail": false,
            "pending": false,
            "code": "tFuelExpenses.removeExpense();\ncy.wait(1000);\ntGarage.alertDiv.should('have.text', 'Fuel expense entry removed');",
            "err": {},
            "isRoot": false,
            "uuid": "adb57e90-3e57-4dc0-8d8f-feff0de4c17b",
            "parentUUID": "abe62464-cfe8-4df7-aa1c-2cbe1594f559",
            "isHook": false,
            "skipped": false
          },
          {
            "title": "Delete second expense",
            "fullTitle": "Check fuel expenses options Delete second expense",
            "duration": 13456,
            "state": "passed",
            "speed": "slow",
            "pass": true,
            "fail": false,
            "pending": false,
            "code": "tFuelExpenses.removeExpense();\ncy.wait(1000);\ntGarage.alertDiv.should('have.text', 'Fuel expense entry removed');\ntFuelExpenses.emptyExpensesDiv;",
            "err": {},
            "isRoot": false,
            "uuid": "e5e51247-8e53-480e-8778-92516b983139",
            "parentUUID": "abe62464-cfe8-4df7-aa1c-2cbe1594f559",
            "isHook": false,
            "skipped": false
          }
        ],
        "failures": [],
        "skipped": [],
        "hasBeforeHooks": false,
        "hasAfterHooks": false,
        "hasTests": true,
        "hasSuites": false,
        "totalTests": 7,
        "totalPasses": 7,
        "totalFailures": 0,
        "totalPending": 0,
        "totalSkipped": 0,
        "hasPasses": true,
        "hasFailures": false,
        "hasPending": false,
        "hasSkipped": false,
        "duration": 96917,
        "rootEmpty": false
      }
    ],
    "tests": [],
    "root": true,
    "pending": [],
    "_timeout": 2000,
    "file": "cypress/e2e/qauto/pages/fuelExpenses.cy.js",
    "uuid": "1695a733-97a1-434c-8d23-8467776aca2f",
    "beforeHooks": [],
    "afterHooks": [],
    "fullFile": "cypress/e2e/qauto/pages/fuelExpenses.cy.js",
    "passes": [],
    "failures": [],
    "skipped": [],
    "hasBeforeHooks": false,
    "hasAfterHooks": false,
    "hasTests": false,
    "hasSuites": true,
    "totalTests": 0,
    "totalPasses": 0,
    "totalFailures": 0,
    "totalPending": 0,
    "totalSkipped": 0,
    "hasPasses": false,
    "hasFailures": false,
    "hasPending": false,
    "hasSkipped": false,
    "duration": 0,
    "rootEmpty": true
  },
  "allTests": [
    {
      "title": "Create car and expense",
      "fullTitle": "Check fuel expenses options Create car and expense",
      "duration": 18927,
      "state": "passed",
      "speed": "slow",
      "pass": true,
      "fail": false,
      "pending": false,
      "code": "cy.visit('/panel/garage');\ntGarage.addCar();\ncy.visit(expensesPage);\ntFuelExpenses.addExpense();\ntFuelExpenses.expenseTableTr.first().should('include.text', tFuelExpenses.currDateUI);\ntGarage.alertDiv.should('have.text', 'Fuel expense added');",
      "err": {},
      "isRoot": false,
      "uuid": "abbb23c3-4f86-46b6-9801-dd3c2520a85e",
      "parentUUID": "abe62464-cfe8-4df7-aa1c-2cbe1594f559",
      "isHook": false,
      "skipped": false
    },
    {
      "title": "Check created car",
      "fullTitle": "Check fuel expenses options Check created car",
      "duration": 12374,
      "state": "passed",
      "speed": "slow",
      "pass": true,
      "fail": false,
      "pending": false,
      "code": "tGarage.checkCreatedCarAPI()",
      "err": {},
      "isRoot": false,
      "uuid": "afac614f-ddbd-467c-bb41-17f20276af22",
      "parentUUID": "abe62464-cfe8-4df7-aa1c-2cbe1594f559",
      "isHook": false,
      "skipped": false
    },
    {
      "title": "Add expense via api",
      "fullTitle": "Check fuel expenses options Add expense via api",
      "duration": 12319,
      "state": "passed",
      "speed": "slow",
      "pass": true,
      "fail": false,
      "pending": false,
      "code": "cy.createExpenseAPI(tFuelExpenses.currDateAPI, 65, 13, 13, false)",
      "err": {},
      "isRoot": false,
      "uuid": "7d751684-443e-49e8-a11c-96ab125dab2e",
      "parentUUID": "abe62464-cfe8-4df7-aa1c-2cbe1594f559",
      "isHook": false,
      "skipped": false
    },
    {
      "title": "Find car and check expense",
      "fullTitle": "Check fuel expenses options Find car and check expense",
      "duration": 12578,
      "state": "passed",
      "speed": "slow",
      "pass": true,
      "fail": false,
      "pending": false,
      "code": "const trs = tFuelExpenses.expenseTableTr.first();\ntrs.get('td').eq(0).should('have.text', tFuelExpenses.currDateUI);\ntrs.get('td').eq(1).should('have.text', 65);\ntrs.get('td').eq(2).should('have.text', '13L');\ntrs.get('td').eq(3).should('have.text', '13.00 USD');\ncy.visit('/panel/garage');\ntGarage.carListUl.get('.car_name.h2').should('have.text', \"BMW X5\");\ntGarage.carListUl.get('.car_update-mileage').should('include.text', tFuelExpenses.currDateUI);\ntGarage.mileageUpdateInput.should('have.value', 65);",
      "err": {},
      "isRoot": false,
      "uuid": "e384a9ab-cc78-44e4-812a-8f9d89b52772",
      "parentUUID": "abe62464-cfe8-4df7-aa1c-2cbe1594f559",
      "isHook": false,
      "skipped": false
    },
    {
      "title": "Edit expense",
      "fullTitle": "Check fuel expenses options Edit expense",
      "duration": 13679,
      "state": "passed",
      "speed": "slow",
      "pass": true,
      "fail": false,
      "pending": false,
      "code": "tFuelExpenses.editExpense();\ntFuelExpenses.expenseTableTr.first().should('include.text', tFuelExpenses.currDateUI);\ntGarage.alertDiv.should('have.text', 'Fuel expense edited');",
      "err": {},
      "isRoot": false,
      "uuid": "5e4e55ad-ef71-4594-ac43-abff6461a020",
      "parentUUID": "abe62464-cfe8-4df7-aa1c-2cbe1594f559",
      "isHook": false,
      "skipped": false
    },
    {
      "title": "Delete first expense",
      "fullTitle": "Check fuel expenses options Delete first expense",
      "duration": 13584,
      "state": "passed",
      "speed": "slow",
      "pass": true,
      "fail": false,
      "pending": false,
      "code": "tFuelExpenses.removeExpense();\ncy.wait(1000);\ntGarage.alertDiv.should('have.text', 'Fuel expense entry removed');",
      "err": {},
      "isRoot": false,
      "uuid": "adb57e90-3e57-4dc0-8d8f-feff0de4c17b",
      "parentUUID": "abe62464-cfe8-4df7-aa1c-2cbe1594f559",
      "isHook": false,
      "skipped": false
    },
    {
      "title": "Delete second expense",
      "fullTitle": "Check fuel expenses options Delete second expense",
      "duration": 13456,
      "state": "passed",
      "speed": "slow",
      "pass": true,
      "fail": false,
      "pending": false,
      "code": "tFuelExpenses.removeExpense();\ncy.wait(1000);\ntGarage.alertDiv.should('have.text', 'Fuel expense entry removed');\ntFuelExpenses.emptyExpensesDiv;",
      "err": {},
      "isRoot": false,
      "uuid": "e5e51247-8e53-480e-8778-92516b983139",
      "parentUUID": "abe62464-cfe8-4df7-aa1c-2cbe1594f559",
      "isHook": false,
      "skipped": false
    }
  ],
  "allPending": [],
  "allPasses": [
    {
      "title": "Create car and expense",
      "fullTitle": "Check fuel expenses options Create car and expense",
      "duration": 18927,
      "state": "passed",
      "speed": "slow",
      "pass": true,
      "fail": false,
      "pending": false,
      "code": "cy.visit('/panel/garage');\ntGarage.addCar();\ncy.visit(expensesPage);\ntFuelExpenses.addExpense();\ntFuelExpenses.expenseTableTr.first().should('include.text', tFuelExpenses.currDateUI);\ntGarage.alertDiv.should('have.text', 'Fuel expense added');",
      "err": {},
      "isRoot": false,
      "uuid": "abbb23c3-4f86-46b6-9801-dd3c2520a85e",
      "parentUUID": "abe62464-cfe8-4df7-aa1c-2cbe1594f559",
      "isHook": false,
      "skipped": false
    },
    {
      "title": "Check created car",
      "fullTitle": "Check fuel expenses options Check created car",
      "duration": 12374,
      "state": "passed",
      "speed": "slow",
      "pass": true,
      "fail": false,
      "pending": false,
      "code": "tGarage.checkCreatedCarAPI()",
      "err": {},
      "isRoot": false,
      "uuid": "afac614f-ddbd-467c-bb41-17f20276af22",
      "parentUUID": "abe62464-cfe8-4df7-aa1c-2cbe1594f559",
      "isHook": false,
      "skipped": false
    },
    {
      "title": "Add expense via api",
      "fullTitle": "Check fuel expenses options Add expense via api",
      "duration": 12319,
      "state": "passed",
      "speed": "slow",
      "pass": true,
      "fail": false,
      "pending": false,
      "code": "cy.createExpenseAPI(tFuelExpenses.currDateAPI, 65, 13, 13, false)",
      "err": {},
      "isRoot": false,
      "uuid": "7d751684-443e-49e8-a11c-96ab125dab2e",
      "parentUUID": "abe62464-cfe8-4df7-aa1c-2cbe1594f559",
      "isHook": false,
      "skipped": false
    },
    {
      "title": "Find car and check expense",
      "fullTitle": "Check fuel expenses options Find car and check expense",
      "duration": 12578,
      "state": "passed",
      "speed": "slow",
      "pass": true,
      "fail": false,
      "pending": false,
      "code": "const trs = tFuelExpenses.expenseTableTr.first();\ntrs.get('td').eq(0).should('have.text', tFuelExpenses.currDateUI);\ntrs.get('td').eq(1).should('have.text', 65);\ntrs.get('td').eq(2).should('have.text', '13L');\ntrs.get('td').eq(3).should('have.text', '13.00 USD');\ncy.visit('/panel/garage');\ntGarage.carListUl.get('.car_name.h2').should('have.text', \"BMW X5\");\ntGarage.carListUl.get('.car_update-mileage').should('include.text', tFuelExpenses.currDateUI);\ntGarage.mileageUpdateInput.should('have.value', 65);",
      "err": {},
      "isRoot": false,
      "uuid": "e384a9ab-cc78-44e4-812a-8f9d89b52772",
      "parentUUID": "abe62464-cfe8-4df7-aa1c-2cbe1594f559",
      "isHook": false,
      "skipped": false
    },
    {
      "title": "Edit expense",
      "fullTitle": "Check fuel expenses options Edit expense",
      "duration": 13679,
      "state": "passed",
      "speed": "slow",
      "pass": true,
      "fail": false,
      "pending": false,
      "code": "tFuelExpenses.editExpense();\ntFuelExpenses.expenseTableTr.first().should('include.text', tFuelExpenses.currDateUI);\ntGarage.alertDiv.should('have.text', 'Fuel expense edited');",
      "err": {},
      "isRoot": false,
      "uuid": "5e4e55ad-ef71-4594-ac43-abff6461a020",
      "parentUUID": "abe62464-cfe8-4df7-aa1c-2cbe1594f559",
      "isHook": false,
      "skipped": false
    },
    {
      "title": "Delete first expense",
      "fullTitle": "Check fuel expenses options Delete first expense",
      "duration": 13584,
      "state": "passed",
      "speed": "slow",
      "pass": true,
      "fail": false,
      "pending": false,
      "code": "tFuelExpenses.removeExpense();\ncy.wait(1000);\ntGarage.alertDiv.should('have.text', 'Fuel expense entry removed');",
      "err": {},
      "isRoot": false,
      "uuid": "adb57e90-3e57-4dc0-8d8f-feff0de4c17b",
      "parentUUID": "abe62464-cfe8-4df7-aa1c-2cbe1594f559",
      "isHook": false,
      "skipped": false
    },
    {
      "title": "Delete second expense",
      "fullTitle": "Check fuel expenses options Delete second expense",
      "duration": 13456,
      "state": "passed",
      "speed": "slow",
      "pass": true,
      "fail": false,
      "pending": false,
      "code": "tFuelExpenses.removeExpense();\ncy.wait(1000);\ntGarage.alertDiv.should('have.text', 'Fuel expense entry removed');\ntFuelExpenses.emptyExpensesDiv;",
      "err": {},
      "isRoot": false,
      "uuid": "e5e51247-8e53-480e-8778-92516b983139",
      "parentUUID": "abe62464-cfe8-4df7-aa1c-2cbe1594f559",
      "isHook": false,
      "skipped": false
    }
  ],
  "allFailures": [],
  "copyrightYear": 2025
}